--
* Tue Jul  6 13:27:49 UTC 2021
* Wed Jul  7 12:41:22 UTC 2021
* Thu Jul  8 12:41:43 UTC 2021
* Fri Jul  9 12:41:07 UTC 2021
* Sat Jul 10 12:40:42 UTC 2021
* Sun Jul 11 12:40:45 UTC 2021
* Mon Jul 12 12:41:30 UTC 2021
* Tue Jul 13 12:42:04 UTC 2021
* Tue Jul 13 12:42:16 UTC 2021
* Tue Jul 13 12:47:28 UTC 2021
* Wed Jul 14 12:42:04 UTC 2021
* Thu Jul 15 12:41:40 UTC 2021
* Fri Jul 16 12:41:31 UTC 2021
* Sat Jul 17 12:41:04 UTC 2021
* Sun Jul 18 12:40:53 UTC 2021
* Mon Jul 19 12:42:18 UTC 2021
* Tue Jul 20 12:41:39 UTC 2021
* Thu Jul 22 12:41:59 UTC 2021
* Fri Jul 23 12:41:31 UTC 2021
* Sat Jul 24 12:40:58 UTC 2021
* Sun Jul 25 12:41:06 UTC 2021
* Mon Jul 26 12:42:01 UTC 2021
* Tue Jul 27 12:41:50 UTC 2021
* Wed Jul 28 12:42:17 UTC 2021
* Thu Jul 29 12:42:08 UTC 2021
* Sat Jul 31 12:41:20 UTC 2021
* Sun Aug  1 12:41:12 UTC 2021
* Mon Aug  2 12:42:09 UTC 2021
